# JRE version: Java(TM) SE Runtime Environment (8.0_31-b13) (build 1.8.0_31-b13)
# Java VM: Java HotSpot(TM) 64-Bit Server VM (25.31-b07 mixed mode windows-amd64 compressed oops)
Heap:
 PSYoungGen      total 18944K, used 5859K [0x00000000eb200000, 0x00000000ec700000, 0x0000000100000000)
  eden space 16384K, 20% used [0x00000000eb200000,0x00000000eb53eb48,0x00000000ec200000)
  from space 2560K, 99% used [0x00000000ec480000,0x00000000ec6fa410,0x00000000ec700000)
  to   space 2560K, 0% used [0x00000000ec200000,0x00000000ec200000,0x00000000ec480000)
 ParOldGen       total 44032K, used 7590K [0x00000000c1600000, 0x00000000c4100000, 0x00000000eb200000)
  object space 44032K, 17% used [0x00000000c1600000,0x00000000c1d69af8,0x00000000c4100000)
 Metaspace       used 19493K, capacity 20312K, committed 20480K, reserved 1067008K
  class space    used 2775K, capacity 2971K, committed 3072K, reserved 1048576K
GC Heap History (10 events):
Event: 1.297 GC heap before
{Heap before GC invocations=1 (full 0):
 PSYoungGen      total 18944K, used 13162K [0x00000000eb200000, 0x00000000ec700000, 0x0000000100000000)
  eden space 16384K, 80% used [0x00000000eb200000,0x00000000ebeda890,0x00000000ec200000)
  from space 2560K, 0% used [0x00000000ec480000,0x00000000ec480000,0x00000000ec700000)
  to   space 2560K, 0% used [0x00000000ec200000,0x00000000ec200000,0x00000000ec480000)
 ParOldGen       total 44032K, used 0K [0x00000000c1600000, 0x00000000c4100000, 0x00000000eb200000)
  object space 44032K, 0% used [0x00000000c1600000,0x00000000c1600000,0x00000000c4100000)
 Metaspace       used 10051K, capacity 10372K, committed 10624K, reserved 1058816K
  class space    used 1210K, capacity 1320K, committed 1408K, reserved 1048576K
Event: 1.304 GC heap after
Heap after GC invocations=1 (full 0):
 PSYoungGen      total 18944K, used 2545K [0x00000000eb200000, 0x00000000ec700000, 0x0000000100000000)
  eden space 16384K, 0% used [0x00000000eb200000,0x00000000eb200000,0x00000000ec200000)
  from space 2560K, 99% used [0x00000000ec200000,0x00000000ec47c690,0x00000000ec480000)
  to   space 2560K, 0% used [0x00000000ec480000,0x00000000ec480000,0x00000000ec700000)
 ParOldGen       total 44032K, used 134K [0x00000000c1600000, 0x00000000c4100000, 0x00000000eb200000)
  object space 44032K, 0% used [0x00000000c1600000,0x00000000c1621968,0x00000000c4100000)
 Metaspace       used 10051K, capacity 10372K, committed 10624K, reserved 1058816K
  class space    used 1210K, capacity 1320K, committed 1408K, reserved 1048576K
}
Event: 1.304 GC heap before
{Heap before GC invocations=2 (full 1):
 PSYoungGen      total 18944K, used 2545K [0x00000000eb200000, 0x00000000ec700000, 0x0000000100000000)
  eden space 16384K, 0% used [0x00000000eb200000,0x00000000eb200000,0x00000000ec200000)
  from space 2560K, 99% used [0x00000000ec200000,0x00000000ec47c690,0x00000000ec480000)
  to   space 2560K, 0% used [0x00000000ec480000,0x00000000ec480000,0x00000000ec700000)
 ParOldGen       total 44032K, used 134K [0x00000000c1600000, 0x00000000c4100000, 0x00000000eb200000)
  object space 44032K, 0% used [0x00000000c1600000,0x00000000c1621968,0x00000000c4100000)
 Metaspace       used 10051K, capacity 10372K, committed 10624K, reserved 1058816K
  class space    used 1210K, capacity 1320K, committed 1408K, reserved 1048576K
Event: 1.327 GC heap after
Heap after GC invocations=2 (full 1):
 PSYoungGen      total 18944K, used 0K [0x00000000eb200000, 0x00000000ec700000, 0x0000000100000000)
  eden space 16384K, 0% used [0x00000000eb200000,0x00000000eb200000,0x00000000ec200000)
  from space 2560K, 0% used [0x00000000ec200000,0x00000000ec200000,0x00000000ec480000)
  to   space 2560K, 0% used [0x00000000ec480000,0x00000000ec480000,0x00000000ec700000)
 ParOldGen       total 44032K, used 2576K [0x00000000c1600000, 0x00000000c4100000, 0x00000000eb200000)
  object space 44032K, 5% used [0x00000000c1600000,0x00000000c18843b8,0x00000000c4100000)
 Metaspace       used 10050K, capacity 10370K, committed 10624K, reserved 1058816K
  class space    used 1209K, capacity 1319K, committed 1408K, reserved 1048576K
}
Event: 2.137 GC heap before
{Heap before GC invocations=3 (full 1):
 PSYoungGen      total 18944K, used 16384K [0x00000000eb200000, 0x00000000ec700000, 0x0000000100000000)
  eden space 16384K, 100% used [0x00000000eb200000,0x00000000ec200000,0x00000000ec200000)
  from space 2560K, 0% used [0x00000000ec200000,0x00000000ec200000,0x00000000ec480000)
  to   space 2560K, 0% used [0x00000000ec480000,0x00000000ec480000,0x00000000ec700000)
 ParOldGen       total 44032K, used 2576K [0x00000000c1600000, 0x00000000c4100000, 0x00000000eb200000)
  object space 44032K, 5% used [0x00000000c1600000,0x00000000c18843b8,0x00000000c4100000)
 Metaspace       used 13013K, capacity 13350K, committed 13568K, reserved 1060864K
  class space    used 1682K, capacity 1762K, committed 1792K, reserved 1048576K
Event: 2.141 GC heap after
Heap after GC invocations=3 (full 1):
 PSYoungGen      total 18944K, used 1600K [0x00000000eb200000, 0x00000000ec700000, 0x0000000100000000)
  eden space 16384K, 0% used [0x00000000eb200000,0x00000000eb200000,0x00000000ec200000)
  from space 2560K, 62% used [0x00000000ec480000,0x00000000ec610000,0x00000000ec700000)
  to   space 2560K, 0% used [0x00000000ec200000,0x00000000ec200000,0x00000000ec480000)
 ParOldGen       total 44032K, used 4999K [0x00000000c1600000, 0x00000000c4100000, 0x00000000eb200000)
  object space 44032K, 11% used [0x00000000c1600000,0x00000000c1ae1c08,0x00000000c4100000)
 Metaspace       used 13013K, capacity 13350K, committed 13568K, reserved 1060864K
  class space    used 1682K, capacity 1762K, committed 1792K, reserved 1048576K
}
Event: 11.108 GC heap before
{Heap before GC invocations=4 (full 1):
 PSYoungGen      total 18944K, used 17944K [0x00000000eb200000, 0x00000000ec700000, 0x0000000100000000)
  eden space 16384K, 99% used [0x00000000eb200000,0x00000000ec1f6088,0x00000000ec200000)
  from space 2560K, 62% used [0x00000000ec480000,0x00000000ec610000,0x00000000ec700000)
  to   space 2560K, 0% used [0x00000000ec200000,0x00000000ec200000,0x00000000ec480000)
 ParOldGen       total 44032K, used 4999K [0x00000000c1600000, 0x00000000c4100000, 0x00000000eb200000)
  object space 44032K, 11% used [0x00000000c1600000,0x00000000c1ae1c08,0x00000000c4100000)
 Metaspace       used 17547K, capacity 18120K, committed 18304K, reserved 1064960K
  class space    used 2546K, capacity 2679K, committed 2688K, reserved 1048576K
Event: 11.116 GC heap after
Heap after GC invocations=4 (full 1):
 PSYoungGen      total 18944K, used 2558K [0x00000000eb200000, 0x00000000ec700000, 0x0000000100000000)
  eden space 16384K, 0% used [0x00000000eb200000,0x00000000eb200000,0x00000000ec200000)
  from space 2560K, 99% used [0x00000000ec200000,0x00000000ec47faa8,0x00000000ec480000)
  to   space 2560K, 0% used [0x00000000ec480000,0x00000000ec480000,0x00000000ec700000)
 ParOldGen       total 44032K, used 5951K [0x00000000c1600000, 0x00000000c4100000, 0x00000000eb200000)
  object space 44032K, 13% used [0x00000000c1600000,0x00000000c1bcfc08,0x00000000c4100000)
 Metaspace       used 17547K, capacity 18120K, committed 18304K, reserved 1064960K
  class space    used 2546K, capacity 2679K, committed 2688K, reserved 1048576K
}
Event: 33.544 GC heap before
{Heap before GC invocations=5 (full 1):
 PSYoungGen      total 18944K, used 18942K [0x00000000eb200000, 0x00000000ec700000, 0x0000000100000000)
  eden space 16384K, 100% used [0x00000000eb200000,0x00000000ec200000,0x00000000ec200000)
  from space 2560K, 99% used [0x00000000ec200000,0x00000000ec47faa8,0x00000000ec480000)
  to   space 2560K, 0% used [0x00000000ec480000,0x00000000ec480000,0x00000000ec700000)
 ParOldGen       total 44032K, used 5951K [0x00000000c1600000, 0x00000000c4100000, 0x00000000eb200000)
  object space 44032K, 13% used [0x00000000c1600000,0x00000000c1bcfc08,0x00000000c4100000)
 Metaspace       used 19093K, capacity 19860K, committed 20096K, reserved 1067008K
  class space    used 2719K, capacity 2917K, committed 2944K, reserved 1048576K
Event: 33.550 GC heap after
Heap after GC invocations=5 (full 1):
 PSYoungGen      total 18944K, used 2537K [0x00000000eb200000, 0x00000000ec700000, 0x0000000100000000)
  eden space 16384K, 0% used [0x00000000eb200000,0x00000000eb200000,0x00000000ec200000)
  from space 2560K, 99% used [0x00000000ec480000,0x00000000ec6fa410,0x00000000ec700000)
  to   space 2560K, 0% used [0x00000000ec200000,0x00000000ec200000,0x00000000ec480000)
 ParOldGen       total 44032K, used 7590K [0x00000000c1600000, 0x00000000c4100000, 0x00000000eb200000)
  object space 44032K, 17% used [0x00000000c1600000,0x00000000c1d69af8,0x00000000c4100000)
 Metaspace       used 19093K, capacity 19860K, committed 20096K, reserved 1067008K
  class space    used 2719K, capacity 2917K, committed 2944K, reserved 1048576K
}

