# JRE version: Java(TM) SE Runtime Environment (8.0_71-b15) (build 1.8.0_71-b15)
# Java VM: Java HotSpot(TM) 64-Bit Server VM (25.71-b15 mixed mode windows-amd64 compressed oops)
Heap:
 PSYoungGen      total 55296K, used 8949K [0x00000000d5f00000, 0x00000000d9f00000, 0x0000000100000000)
  eden space 45056K, 9% used [0x00000000d5f00000,0x00000000d630feb0,0x00000000d8b00000)
  from space 10240K, 46% used [0x00000000d9480000,0x00000000d992d768,0x00000000d9e80000)
  to   space 9728K, 0% used [0x00000000d8b00000,0x00000000d8b00000,0x00000000d9480000)
 ParOldGen       total 67584K, used 8309K [0x0000000081c00000, 0x0000000085e00000, 0x00000000d5f00000)
  object space 67584K, 12% used [0x0000000081c00000,0x000000008241d580,0x0000000085e00000)
 Metaspace       used 28623K, capacity 29010K, committed 29440K, reserved 1075200K
  class space    used 3699K, capacity 3788K, committed 3840K, reserved 1048576K
GC Heap History (10 events):
Event: 6.725 GC heap before
{Heap before GC invocations=3 (full 0):
 PSYoungGen      total 38400K, used 36517K [0x00000000d5f00000, 0x00000000d8980000, 0x0000000100000000)
  eden space 33280K, 94% used [0x00000000d5f00000,0x00000000d7db06e8,0x00000000d7f80000)
  from space 5120K, 99% used [0x00000000d8480000,0x00000000d8978e38,0x00000000d8980000)
  to   space 5120K, 0% used [0x00000000d7f80000,0x00000000d7f80000,0x00000000d8480000)
 ParOldGen       total 87552K, used 2592K [0x0000000081c00000, 0x0000000087180000, 0x00000000d5f00000)
  object space 87552K, 2% used [0x0000000081c00000,0x0000000081e88298,0x0000000087180000)
 Metaspace       used 20780K, capacity 21016K, committed 21248K, reserved 1067008K
  class space    used 2653K, capacity 2722K, committed 2816K, reserved 1048576K
Event: 6.743 GC heap after
Heap after GC invocations=3 (full 0):
 PSYoungGen      total 38400K, used 5101K [0x00000000d5f00000, 0x00000000d8980000, 0x0000000100000000)
  eden space 33280K, 0% used [0x00000000d5f00000,0x00000000d5f00000,0x00000000d7f80000)
  from space 5120K, 99% used [0x00000000d7f80000,0x00000000d847b478,0x00000000d8480000)
  to   space 5120K, 0% used [0x00000000d8480000,0x00000000d8480000,0x00000000d8980000)
 ParOldGen       total 87552K, used 5919K [0x0000000081c00000, 0x0000000087180000, 0x00000000d5f00000)
  object space 87552K, 6% used [0x0000000081c00000,0x00000000821c7d38,0x0000000087180000)
 Metaspace       used 20780K, capacity 21016K, committed 21248K, reserved 1067008K
  class space    used 2653K, capacity 2722K, committed 2816K, reserved 1048576K
}
Event: 6.743 GC heap before
{Heap before GC invocations=4 (full 1):
 PSYoungGen      total 38400K, used 5101K [0x00000000d5f00000, 0x00000000d8980000, 0x0000000100000000)
  eden space 33280K, 0% used [0x00000000d5f00000,0x00000000d5f00000,0x00000000d7f80000)
  from space 5120K, 99% used [0x00000000d7f80000,0x00000000d847b478,0x00000000d8480000)
  to   space 5120K, 0% used [0x00000000d8480000,0x00000000d8480000,0x00000000d8980000)
 ParOldGen       total 87552K, used 5919K [0x0000000081c00000, 0x0000000087180000, 0x00000000d5f00000)
  object space 87552K, 6% used [0x0000000081c00000,0x00000000821c7d38,0x0000000087180000)
 Metaspace       used 20780K, capacity 21016K, committed 21248K, reserved 1067008K
  class space    used 2653K, capacity 2722K, committed 2816K, reserved 1048576K
Event: 6.828 GC heap after
Heap after GC invocations=4 (full 1):
 PSYoungGen      total 38400K, used 0K [0x00000000d5f00000, 0x00000000d8980000, 0x0000000100000000)
  eden space 33280K, 0% used [0x00000000d5f00000,0x00000000d5f00000,0x00000000d7f80000)
  from space 5120K, 0% used [0x00000000d7f80000,0x00000000d7f80000,0x00000000d8480000)
  to   space 5120K, 0% used [0x00000000d8480000,0x00000000d8480000,0x00000000d8980000)
 ParOldGen       total 67584K, used 8285K [0x0000000081c00000, 0x0000000085e00000, 0x00000000d5f00000)
  object space 67584K, 12% used [0x0000000081c00000,0x0000000082417580,0x0000000085e00000)
 Metaspace       used 20780K, capacity 21016K, committed 21248K, reserved 1067008K
  class space    used 2653K, capacity 2722K, committed 2816K, reserved 1048576K
}
Event: 9.932 GC heap before
{Heap before GC invocations=5 (full 1):
 PSYoungGen      total 38400K, used 33280K [0x00000000d5f00000, 0x00000000d8980000, 0x0000000100000000)
  eden space 33280K, 100% used [0x00000000d5f00000,0x00000000d7f80000,0x00000000d7f80000)
  from space 5120K, 0% used [0x00000000d7f80000,0x00000000d7f80000,0x00000000d8480000)
  to   space 5120K, 0% used [0x00000000d8480000,0x00000000d8480000,0x00000000d8980000)
 ParOldGen       total 67584K, used 8285K [0x0000000081c00000, 0x0000000085e00000, 0x00000000d5f00000)
  object space 67584K, 12% used [0x0000000081c00000,0x0000000082417580,0x0000000085e00000)
 Metaspace       used 23627K, capacity 23988K, committed 24448K, reserved 1071104K
  class space    used 2989K, capacity 3074K, committed 3200K, reserved 1048576K
Event: 9.943 GC heap after
Heap after GC invocations=5 (full 1):
 PSYoungGen      total 38400K, used 3496K [0x00000000d5f00000, 0x00000000d9500000, 0x0000000100000000)
  eden space 33280K, 0% used [0x00000000d5f00000,0x00000000d5f00000,0x00000000d7f80000)
  from space 5120K, 68% used [0x00000000d8480000,0x00000000d87ea1f8,0x00000000d8980000)
  to   space 5120K, 0% used [0x00000000d7f80000,0x00000000d7f80000,0x00000000d8480000)
 ParOldGen       total 67584K, used 8293K [0x0000000081c00000, 0x0000000085e00000, 0x00000000d5f00000)
  object space 67584K, 12% used [0x0000000081c00000,0x0000000082419580,0x0000000085e00000)
 Metaspace       used 23627K, capacity 23988K, committed 24448K, reserved 1071104K
  class space    used 2989K, capacity 3074K, committed 3200K, reserved 1048576K
}
Event: 11.966 GC heap before
{Heap before GC invocations=6 (full 1):
 PSYoungGen      total 38400K, used 36776K [0x00000000d5f00000, 0x00000000d9500000, 0x0000000100000000)
  eden space 33280K, 100% used [0x00000000d5f00000,0x00000000d7f80000,0x00000000d7f80000)
  from space 5120K, 68% used [0x00000000d8480000,0x00000000d87ea1f8,0x00000000d8980000)
  to   space 5120K, 0% used [0x00000000d7f80000,0x00000000d7f80000,0x00000000d8480000)
 ParOldGen       total 67584K, used 8293K [0x0000000081c00000, 0x0000000085e00000, 0x00000000d5f00000)
  object space 67584K, 12% used [0x0000000081c00000,0x0000000082419580,0x0000000085e00000)
 Metaspace       used 26996K, capacity 27362K, committed 27904K, reserved 1073152K
  class space    used 3416K, capacity 3497K, committed 3584K, reserved 1048576K
Event: 11.976 GC heap after
Heap after GC invocations=6 (full 1):
 PSYoungGen      total 38400K, used 3976K [0x00000000d5f00000, 0x00000000d9e80000, 0x0000000100000000)
  eden space 33280K, 0% used [0x00000000d5f00000,0x00000000d5f00000,0x00000000d7f80000)
  from space 5120K, 77% used [0x00000000d7f80000,0x00000000d83620d8,0x00000000d8480000)
  to   space 10240K, 0% used [0x00000000d9480000,0x00000000d9480000,0x00000000d9e80000)
 ParOldGen       total 67584K, used 8301K [0x0000000081c00000, 0x0000000085e00000, 0x00000000d5f00000)
  object space 67584K, 12% used [0x0000000081c00000,0x000000008241b580,0x0000000085e00000)
 Metaspace       used 26996K, capacity 27362K, committed 27904K, reserved 1073152K
  class space    used 3416K, capacity 3497K, committed 3584K, reserved 1048576K
}
Event: 12.959 GC heap before
{Heap before GC invocations=7 (full 1):
 PSYoungGen      total 38400K, used 37256K [0x00000000d5f00000, 0x00000000d9e80000, 0x0000000100000000)
  eden space 33280K, 100% used [0x00000000d5f00000,0x00000000d7f80000,0x00000000d7f80000)
  from space 5120K, 77% used [0x00000000d7f80000,0x00000000d83620d8,0x00000000d8480000)
  to   space 10240K, 0% used [0x00000000d9480000,0x00000000d9480000,0x00000000d9e80000)
 ParOldGen       total 67584K, used 8301K [0x0000000081c00000, 0x0000000085e00000, 0x00000000d5f00000)
  object space 67584K, 12% used [0x0000000081c00000,0x000000008241b580,0x0000000085e00000)
 Metaspace       used 28315K, capacity 28722K, committed 29184K, reserved 1075200K
  class space    used 3653K, capacity 3756K, committed 3840K, reserved 1048576K
Event: 12.971 GC heap after
Heap after GC invocations=7 (full 1):
 PSYoungGen      total 55296K, used 4789K [0x00000000d5f00000, 0x00000000d9f00000, 0x0000000100000000)
  eden space 45056K, 0% used [0x00000000d5f00000,0x00000000d5f00000,0x00000000d8b00000)
  from space 10240K, 46% used [0x00000000d9480000,0x00000000d992d768,0x00000000d9e80000)
  to   space 9728K, 0% used [0x00000000d8b00000,0x00000000d8b00000,0x00000000d9480000)
 ParOldGen       total 67584K, used 8309K [0x0000000081c00000, 0x0000000085e00000, 0x00000000d5f00000)
  object space 67584K, 12% used [0x0000000081c00000,0x000000008241d580,0x0000000085e00000)
 Metaspace       used 28315K, capacity 28722K, committed 29184K, reserved 1075200K
  class space    used 3653K, capacity 3756K, committed 3840K, reserved 1048576K
}

