# JRE version: Java(TM) SE Runtime Environment (8.0_31-b13) (build 1.8.0_31-b13)
# Java VM: Java HotSpot(TM) 64-Bit Server VM (25.31-b07 mixed mode windows-amd64 compressed oops)
Heap:
 PSYoungGen      total 18944K, used 7719K [0x00000000eb200000, 0x00000000ed380000, 0x0000000100000000)
  eden space 7680K, 90% used [0x00000000eb200000,0x00000000eb8c1f68,0x00000000eb980000)
  from space 11264K, 7% used [0x00000000eb980000,0x00000000eba48000,0x00000000ec480000)
  to   space 11264K, 0% used [0x00000000ec880000,0x00000000ec880000,0x00000000ed380000)
 ParOldGen       total 63488K, used 29435K [0x00000000c1600000, 0x00000000c5400000, 0x00000000eb200000)
  object space 63488K, 46% used [0x00000000c1600000,0x00000000c32befc8,0x00000000c5400000)
 Metaspace       used 22018K, capacity 23302K, committed 23424K, reserved 1069056K
  class space    used 3099K, capacity 3364K, committed 3456K, reserved 1048576K
GC Heap History (10 events):
Event: 8.150 GC heap before
{Heap before GC invocations=5 (full 1):
 PSYoungGen      total 18944K, used 18915K [0x00000000eb200000, 0x00000000ec700000, 0x0000000100000000)
  eden space 16384K, 100% used [0x00000000eb200000,0x00000000ec200000,0x00000000ec200000)
  from space 2560K, 98% used [0x00000000ec200000,0x00000000ec478e08,0x00000000ec480000)
  to   space 2560K, 0% used [0x00000000ec480000,0x00000000ec480000,0x00000000ec700000)
 ParOldGen       total 44032K, used 5772K [0x00000000c1600000, 0x00000000c4100000, 0x00000000eb200000)
  object space 44032K, 13% used [0x00000000c1600000,0x00000000c1ba30b8,0x00000000c4100000)
 Metaspace       used 19028K, capacity 19796K, committed 19840K, reserved 1067008K
  class space    used 2716K, capacity 2917K, committed 2944K, reserved 1048576K
Event: 8.156 GC heap after
Heap after GC invocations=5 (full 1):
 PSYoungGen      total 18944K, used 2553K [0x00000000eb200000, 0x00000000ec700000, 0x0000000100000000)
  eden space 16384K, 0% used [0x00000000eb200000,0x00000000eb200000,0x00000000ec200000)
  from space 2560K, 99% used [0x00000000ec480000,0x00000000ec6fe420,0x00000000ec700000)
  to   space 2560K, 0% used [0x00000000ec200000,0x00000000ec200000,0x00000000ec480000)
 ParOldGen       total 44032K, used 8178K [0x00000000c1600000, 0x00000000c4100000, 0x00000000eb200000)
  object space 44032K, 18% used [0x00000000c1600000,0x00000000c1dfcb78,0x00000000c4100000)
 Metaspace       used 19028K, capacity 19796K, committed 19840K, reserved 1067008K
  class space    used 2716K, capacity 2917K, committed 2944K, reserved 1048576K
}
Event: 9.470 GC heap before
{Heap before GC invocations=6 (full 1):
 PSYoungGen      total 18944K, used 18937K [0x00000000eb200000, 0x00000000ec700000, 0x0000000100000000)
  eden space 16384K, 100% used [0x00000000eb200000,0x00000000ec200000,0x00000000ec200000)
  from space 2560K, 99% used [0x00000000ec480000,0x00000000ec6fe420,0x00000000ec700000)
  to   space 2560K, 0% used [0x00000000ec200000,0x00000000ec200000,0x00000000ec480000)
 ParOldGen       total 44032K, used 8178K [0x00000000c1600000, 0x00000000c4100000, 0x00000000eb200000)
  object space 44032K, 18% used [0x00000000c1600000,0x00000000c1dfcb78,0x00000000c4100000)
 Metaspace       used 19860K, capacity 20676K, committed 20992K, reserved 1067008K
  class space    used 2808K, capacity 2977K, committed 3072K, reserved 1048576K
Event: 9.484 GC heap after
Heap after GC invocations=6 (full 1):
 PSYoungGen      total 18944K, used 2554K [0x00000000eb200000, 0x00000000ec700000, 0x0000000100000000)
  eden space 16384K, 0% used [0x00000000eb200000,0x00000000eb200000,0x00000000ec200000)
  from space 2560K, 99% used [0x00000000ec200000,0x00000000ec47e930,0x00000000ec480000)
  to   space 2560K, 0% used [0x00000000ec480000,0x00000000ec480000,0x00000000ec700000)
 ParOldGen       total 44032K, used 18750K [0x00000000c1600000, 0x00000000c4100000, 0x00000000eb200000)
  object space 44032K, 42% used [0x00000000c1600000,0x00000000c284f808,0x00000000c4100000)
 Metaspace       used 19860K, capacity 20676K, committed 20992K, reserved 1067008K
  class space    used 2808K, capacity 2977K, committed 3072K, reserved 1048576K
}
Event: 9.721 GC heap before
{Heap before GC invocations=7 (full 1):
 PSYoungGen      total 18944K, used 16281K [0x00000000eb200000, 0x00000000ec700000, 0x0000000100000000)
  eden space 16384K, 83% used [0x00000000eb200000,0x00000000ebf67b28,0x00000000ec200000)
  from space 2560K, 99% used [0x00000000ec200000,0x00000000ec47e930,0x00000000ec480000)
  to   space 2560K, 0% used [0x00000000ec480000,0x00000000ec480000,0x00000000ec700000)
 ParOldGen       total 44032K, used 27236K [0x00000000c1600000, 0x00000000c4100000, 0x00000000eb200000)
  object space 44032K, 61% used [0x00000000c1600000,0x00000000c3099118,0x00000000c4100000)
 Metaspace       used 20317K, capacity 21198K, committed 21248K, reserved 1067008K
  class space    used 2884K, capacity 3066K, committed 3072K, reserved 1048576K
Event: 9.727 GC heap after
Heap after GC invocations=7 (full 1):
 PSYoungGen      total 10240K, used 2554K [0x00000000eb200000, 0x00000000ee800000, 0x0000000100000000)
  eden space 7680K, 0% used [0x00000000eb200000,0x00000000eb200000,0x00000000eb980000)
  from space 2560K, 99% used [0x00000000ec480000,0x00000000ec6fe930,0x00000000ec700000)
  to   space 11264K, 0% used [0x00000000eb980000,0x00000000eb980000,0x00000000ec480000)
 ParOldGen       total 44032K, used 28079K [0x00000000c1600000, 0x00000000c4100000, 0x00000000eb200000)
  object space 44032K, 63% used [0x00000000c1600000,0x00000000c316bdf0,0x00000000c4100000)
 Metaspace       used 20317K, capacity 21198K, committed 21248K, reserved 1067008K
  class space    used 2884K, capacity 3066K, committed 3072K, reserved 1048576K
}
Event: 9.727 GC heap before
{Heap before GC invocations=8 (full 2):
 PSYoungGen      total 10240K, used 2554K [0x00000000eb200000, 0x00000000ee800000, 0x0000000100000000)
  eden space 7680K, 0% used [0x00000000eb200000,0x00000000eb200000,0x00000000eb980000)
  from space 2560K, 99% used [0x00000000ec480000,0x00000000ec6fe930,0x00000000ec700000)
  to   space 11264K, 0% used [0x00000000eb980000,0x00000000eb980000,0x00000000ec480000)
 ParOldGen       total 44032K, used 28079K [0x00000000c1600000, 0x00000000c4100000, 0x00000000eb200000)
  object space 44032K, 63% used [0x00000000c1600000,0x00000000c316bdf0,0x00000000c4100000)
 Metaspace       used 20317K, capacity 21198K, committed 21248K, reserved 1067008K
  class space    used 2884K, capacity 3066K, committed 3072K, reserved 1048576K
Event: 9.818 GC heap after
Heap after GC invocations=8 (full 2):
 PSYoungGen      total 10240K, used 0K [0x00000000eb200000, 0x00000000ee800000, 0x0000000100000000)
  eden space 7680K, 0% used [0x00000000eb200000,0x00000000eb200000,0x00000000eb980000)
  from space 2560K, 0% used [0x00000000ec480000,0x00000000ec480000,0x00000000ec700000)
  to   space 11264K, 0% used [0x00000000eb980000,0x00000000eb980000,0x00000000ec480000)
 ParOldGen       total 63488K, used 29427K [0x00000000c1600000, 0x00000000c5400000, 0x00000000eb200000)
  object space 63488K, 46% used [0x00000000c1600000,0x00000000c32bcfc8,0x00000000c5400000)
 Metaspace       used 20317K, capacity 21198K, committed 21248K, reserved 1067008K
  class space    used 2884K, capacity 3066K, committed 3072K, reserved 1048576K
}
Event: 10.018 GC heap before
{Heap before GC invocations=9 (full 2):
 PSYoungGen      total 10240K, used 7680K [0x00000000eb200000, 0x00000000ee800000, 0x0000000100000000)
  eden space 7680K, 100% used [0x00000000eb200000,0x00000000eb980000,0x00000000eb980000)
  from space 2560K, 0% used [0x00000000ec480000,0x00000000ec480000,0x00000000ec700000)
  to   space 11264K, 0% used [0x00000000eb980000,0x00000000eb980000,0x00000000ec480000)
 ParOldGen       total 63488K, used 29427K [0x00000000c1600000, 0x00000000c5400000, 0x00000000eb200000)
  object space 63488K, 46% used [0x00000000c1600000,0x00000000c32bcfc8,0x00000000c5400000)
 Metaspace       used 21102K, capacity 22238K, committed 22528K, reserved 1069056K
  class space    used 3025K, capacity 3230K, committed 3328K, reserved 1048576K
Event: 10.022 GC heap after
Heap after GC invocations=9 (full 2):
 PSYoungGen      total 18944K, used 800K [0x00000000eb200000, 0x00000000ed380000, 0x0000000100000000)
  eden space 7680K, 0% used [0x00000000eb200000,0x00000000eb200000,0x00000000eb980000)
  from space 11264K, 7% used [0x00000000eb980000,0x00000000eba48000,0x00000000ec480000)
  to   space 11264K, 0% used [0x00000000ec880000,0x00000000ec880000,0x00000000ed380000)
 ParOldGen       total 63488K, used 29435K [0x00000000c1600000, 0x00000000c5400000, 0x00000000eb200000)
  object space 63488K, 46% used [0x00000000c1600000,0x00000000c32befc8,0x00000000c5400000)
 Metaspace       used 21102K, capacity 22238K, committed 22528K, reserved 1069056K
  class space    used 3025K, capacity 3230K, committed 3328K, reserved 1048576K
}

